<?xml version="1.0" encoding="UTF-8"?>
<testng-results ignored="0" total="2" passed="2" failed="0" skipped="0">
  <reporter-output>
  </reporter-output>
  <suite started-at="2023-01-23T19:27:51 EST" name="Suite" finished-at="2023-01-23T19:28:27 EST" duration-ms="35414">
    <groups>
    </groups>
    <test started-at="2023-01-23T19:27:51 EST" name="Test" finished-at="2023-01-23T19:28:27 EST" duration-ms="35414">
      <class name="com.test.GmailTest">
        <test-method is-config="true" signature="setupBrowser()[pri:0, instance:com.test.GmailTest@1df82230]" started-at="2023-01-23T19:27:53 EST" name="setupBrowser" finished-at="2023-01-23T19:28:03 EST" duration-ms="10862" status="PASS">
          <reporter-output>
          </reporter-output>
        </test-method> <!-- setupBrowser -->
        <test-method signature="LoginDetails(java.lang.String,java.lang.String)[pri:0, instance:com.test.GmailTest@1df82230]" started-at="2023-01-23T19:28:03 EST" name="LoginDetails" data-provider="getLoginData" finished-at="2023-01-23T19:28:09 EST" duration-ms="5961" status="PASS">
          <params>
            <param index="0">
              <value>
                <![CDATA[testingproject074@gmail.com]]>
              </value>
            </param>
            <param index="1">
              <value>
                <![CDATA[Test@1234]]>
              </value>
            </param>
          </params>
          <reporter-output>
          </reporter-output>
        </test-method> <!-- LoginDetails -->
        <test-method is-config="true" signature="closeBrowser()[pri:0, instance:com.test.GmailTest@1df82230]" started-at="2023-01-23T19:28:09 EST" name="closeBrowser" finished-at="2023-01-23T19:28:10 EST" duration-ms="237" status="PASS">
          <reporter-output>
          </reporter-output>
        </test-method> <!-- closeBrowser -->
        <test-method is-config="true" signature="setupBrowser()[pri:0, instance:com.test.GmailTest@1df82230]" started-at="2023-01-23T19:28:10 EST" name="setupBrowser" finished-at="2023-01-23T19:28:21 EST" duration-ms="11443" status="PASS">
          <reporter-output>
          </reporter-output>
        </test-method> <!-- setupBrowser -->
        <test-method signature="LoginDetails(java.lang.String,java.lang.String)[pri:0, instance:com.test.GmailTest@1df82230]" started-at="2023-01-23T19:28:21 EST" name="LoginDetails" data-provider="getLoginData" finished-at="2023-01-23T19:28:27 EST" duration-ms="5645" status="PASS">
          <params>
            <param index="0">
              <value>
                <![CDATA[testingproject074@gmail.com]]>
              </value>
            </param>
            <param index="1">
              <value>
                <![CDATA[Test@1234]]>
              </value>
            </param>
          </params>
          <reporter-output>
          </reporter-output>
        </test-method> <!-- LoginDetails -->
        <test-method is-config="true" signature="closeBrowser()[pri:0, instance:com.test.GmailTest@1df82230]" started-at="2023-01-23T19:28:27 EST" name="closeBrowser" finished-at="2023-01-23T19:28:27 EST" duration-ms="212" status="PASS">
          <reporter-output>
          </reporter-output>
        </test-method> <!-- closeBrowser -->
      </class> <!-- com.test.GmailTest -->
    </test> <!-- Test -->
  </suite> <!-- Suite -->
</testng-results>
